<?xml version="1.0" encoding="UTF-8"?>
<robot generator="Robot 7.3.2 (Python 3.10.0 on win32)" generated="2025-09-20T12:09:24.641802" rpa="false" schemaversion="5">
<suite id="s1" name="Layer1" source="C:\Users\senr4\PycharmProjects\PythonProject\layer1.robot">
<test id="s1-t1" name="Flight Search" line="5">
<kw name="Given layer2.Open Application" owner="layer2">
<kw name="Open Application" owner="layer3">
<kw name="Open Browser" owner="SeleniumLibrary">
<msg time="2025-09-20T12:09:24.927979" level="INFO">Opening browser 'chrome' to base url 'https://www.makemytrip.com/'.</msg>
<arg>${URL}</arg>
<arg>chrome</arg>
<doc>Opens a new browser instance to the optional ``url``.</doc>
<status status="PASS" start="2025-09-20T12:09:24.927979" elapsed="2.674860"/>
</kw>
<kw name="Maximize Browser Window" owner="SeleniumLibrary">
<doc>Maximizes current browser window.</doc>
<status status="PASS" start="2025-09-20T12:09:27.602839" elapsed="0.100461"/>
</kw>
<kw name="Sleep" owner="BuiltIn">
<msg time="2025-09-20T12:09:32.718668" level="INFO">Slept 5 seconds.</msg>
<arg>5s</arg>
<doc>Pauses the test executed for the given time.</doc>
<status status="PASS" start="2025-09-20T12:09:27.703300" elapsed="5.015368"/>
</kw>
<kw name="Run Keyword And Ignore Error" owner="BuiltIn">
<kw name="Click Element" owner="SeleniumLibrary">
<msg time="2025-09-20T12:09:32.720140" level="INFO">Clicking element '//span[@class='commonModal__close']'.</msg>
<arg>${CLOSE_LOGIN}[0]</arg>
<doc>Click the element identified by ``locator``.</doc>
<status status="PASS" start="2025-09-20T12:09:32.718668" elapsed="0.131883"/>
</kw>
<arg>Click Element</arg>
<arg>${CLOSE_LOGIN}[0]</arg>
<doc>Runs the given keyword with the given arguments and ignores possible error.</doc>
<status status="PASS" start="2025-09-20T12:09:32.718668" elapsed="0.131883"/>
</kw>
<kw name="Run Keyword And Ignore Error" owner="BuiltIn">
<kw name="Click Element" owner="SeleniumLibrary">
<msg time="2025-09-20T12:09:32.851574" level="INFO">Clicking element '//p[@data-cy='closeModal']'.</msg>
<msg time="2025-09-20T12:09:33.036539" level="INFO" html="true">&lt;/td&gt;&lt;/tr&gt;&lt;tr&gt;&lt;td colspan="3"&gt;&lt;a href="selenium-screenshot-200.png"&gt;&lt;img src="selenium-screenshot-200.png" width="800px"&gt;&lt;/a&gt;</msg>
<msg time="2025-09-20T12:09:33.036539" level="FAIL">Element with locator '//p[@data-cy='closeModal']' not found.</msg>
<arg>${CLOSE_LOGIN}[1]</arg>
<doc>Click the element identified by ``locator``.</doc>
<status status="FAIL" start="2025-09-20T12:09:32.850551" elapsed="0.187994">Element with locator '//p[@data-cy='closeModal']' not found.</status>
</kw>
<arg>Click Element</arg>
<arg>${CLOSE_LOGIN}[1]</arg>
<doc>Runs the given keyword with the given arguments and ignores possible error.</doc>
<status status="PASS" start="2025-09-20T12:09:32.850551" elapsed="0.187994"/>
</kw>
<kw name="Run Keyword And Ignore Error" owner="BuiltIn">
<kw name="Click Element" owner="SeleniumLibrary">
<msg time="2025-09-20T12:09:33.038545" level="INFO">Clicking element '//span[text()='×']'.</msg>
<msg time="2025-09-20T12:09:33.216253" level="INFO" html="true">&lt;/td&gt;&lt;/tr&gt;&lt;tr&gt;&lt;td colspan="3"&gt;&lt;a href="selenium-screenshot-201.png"&gt;&lt;img src="selenium-screenshot-201.png" width="800px"&gt;&lt;/a&gt;</msg>
<msg time="2025-09-20T12:09:33.216253" level="FAIL">Element with locator '//span[text()='×']' not found.</msg>
<arg>${CLOSE_LOGIN}[2]</arg>
<doc>Click the element identified by ``locator``.</doc>
<status status="FAIL" start="2025-09-20T12:09:33.038545" elapsed="0.177708">Element with locator '//span[text()='×']' not found.</status>
</kw>
<arg>Click Element</arg>
<arg>${CLOSE_LOGIN}[2]</arg>
<doc>Runs the given keyword with the given arguments and ignores possible error.</doc>
<status status="PASS" start="2025-09-20T12:09:33.038545" elapsed="0.177708"/>
</kw>
<status status="PASS" start="2025-09-20T12:09:24.926946" elapsed="8.289307"/>
</kw>
<status status="PASS" start="2025-09-20T12:09:24.926946" elapsed="8.289307"/>
</kw>
<kw name="When layer2.Search Flight" owner="layer2">
<kw name="Search Flight" owner="layer3">
<kw name="Click Element" owner="SeleniumLibrary">
<msg time="2025-09-20T12:09:33.218347" level="INFO">Clicking element 'xpath=//label[@for='fromCity']'.</msg>
<arg>xpath=//label[@for='fromCity']</arg>
<doc>Click the element identified by ``locator``.</doc>
<status status="PASS" start="2025-09-20T12:09:33.218347" elapsed="0.086554"/>
</kw>
<kw name="Wait Until Element Is Visible" owner="SeleniumLibrary">
<arg>${FROM_CITY_INPUT}</arg>
<arg>10s</arg>
<doc>Waits until the element ``locator`` is visible.</doc>
<status status="PASS" start="2025-09-20T12:09:33.304901" elapsed="0.035233"/>
</kw>
<kw name="Input Text" owner="SeleniumLibrary">
<msg time="2025-09-20T12:09:33.341473" level="INFO">Typing text 'Pune' into text field '//input[@placeholder='From']'.</msg>
<arg>${FROM_CITY_INPUT}</arg>
<arg>${from}</arg>
<doc>Types the given ``text`` into the text field identified by ``locator``.</doc>
<status status="PASS" start="2025-09-20T12:09:33.341473" elapsed="0.070626"/>
</kw>
<kw name="Wait Until Element Is Visible" owner="SeleniumLibrary">
<arg>//p[contains(text(),'${from}')]</arg>
<arg>10s</arg>
<doc>Waits until the element ``locator`` is visible.</doc>
<status status="PASS" start="2025-09-20T12:09:33.412099" elapsed="0.017133"/>
</kw>
<kw name="Click Element" owner="SeleniumLibrary">
<msg time="2025-09-20T12:09:33.429232" level="INFO">Clicking element '//p[contains(text(),'Pune')]'.</msg>
<arg>//p[contains(text(),'${from}')]</arg>
<doc>Click the element identified by ``locator``.</doc>
<status status="PASS" start="2025-09-20T12:09:33.429232" elapsed="0.063107"/>
</kw>
<kw name="Click Element" owner="SeleniumLibrary">
<msg time="2025-09-20T12:09:33.493556" level="INFO">Clicking element 'xpath=//label[@for='toCity']'.</msg>
<arg>xpath=//label[@for='toCity']</arg>
<doc>Click the element identified by ``locator``.</doc>
<status status="PASS" start="2025-09-20T12:09:33.492339" elapsed="0.077454"/>
</kw>
<kw name="Wait Until Element Is Visible" owner="SeleniumLibrary">
<arg>${TO_CITY_INPUT}</arg>
<arg>10s</arg>
<doc>Waits until the element ``locator`` is visible.</doc>
<status status="PASS" start="2025-09-20T12:09:33.569793" elapsed="0.028517"/>
</kw>
<kw name="Input Text" owner="SeleniumLibrary">
<msg time="2025-09-20T12:09:33.599346" level="INFO">Typing text 'Mumbai' into text field '//input[@placeholder='To']'.</msg>
<arg>${TO_CITY_INPUT}</arg>
<arg>${to}</arg>
<doc>Types the given ``text`` into the text field identified by ``locator``.</doc>
<status status="PASS" start="2025-09-20T12:09:33.599346" elapsed="0.060032"/>
</kw>
<kw name="Wait Until Element Is Visible" owner="SeleniumLibrary">
<arg>//p[contains(text(),'${to}')]</arg>
<arg>10s</arg>
<doc>Waits until the element ``locator`` is visible.</doc>
<status status="PASS" start="2025-09-20T12:09:33.659378" elapsed="0.014296"/>
</kw>
<kw name="Click Element" owner="SeleniumLibrary">
<msg time="2025-09-20T12:09:33.673674" level="INFO">Clicking element '//p[contains(text(),'Mumbai')]'.</msg>
<arg>//p[contains(text(),'${to}')]</arg>
<doc>Click the element identified by ``locator``.</doc>
<status status="PASS" start="2025-09-20T12:09:33.673674" elapsed="0.068811"/>
</kw>
<kw name="Sleep" owner="BuiltIn">
<msg time="2025-09-20T12:09:35.756250" level="INFO">Slept 2 seconds.</msg>
<arg>2s</arg>
<doc>Pauses the test executed for the given time.</doc>
<status status="PASS" start="2025-09-20T12:09:33.742485" elapsed="2.013765"/>
</kw>
<kw name="Click Element" owner="SeleniumLibrary">
<msg time="2025-09-20T12:09:35.756250" level="INFO">Clicking element 'xpath=//div[@aria-label='Sun Sep 21 2025']//div[@class='dateInnerCell']'.</msg>
<arg>xpath=//div[@aria-label='Sun Sep 21 2025']//div[@class='dateInnerCell']</arg>
<doc>Click the element identified by ``locator``.</doc>
<status status="PASS" start="2025-09-20T12:09:35.756250" elapsed="0.056136"/>
</kw>
<kw name="Click Element" owner="SeleniumLibrary">
<msg time="2025-09-20T12:09:35.812386" level="INFO">Clicking element '//a[@class='primaryBtn font24 latoBold widgetSearchBtn ']'.</msg>
<arg>${SEARCH_FLIGHT}</arg>
<doc>Click the element identified by ``locator``.</doc>
<status status="PASS" start="2025-09-20T12:09:35.812386" elapsed="0.181352"/>
</kw>
<kw name="Sleep" owner="BuiltIn">
<msg time="2025-09-20T12:09:46.001752" level="INFO">Slept 10 seconds.</msg>
<arg>10s</arg>
<doc>Pauses the test executed for the given time.</doc>
<status status="PASS" start="2025-09-20T12:09:35.993738" elapsed="10.008014"/>
</kw>
<kw name="Capture Page Screenshot" owner="SeleniumLibrary">
<msg time="2025-09-20T12:09:46.077594" level="INFO" html="true">&lt;/td&gt;&lt;/tr&gt;&lt;tr&gt;&lt;td colspan="3"&gt;&lt;a href="selenium-screenshot-202.png"&gt;&lt;img src="selenium-screenshot-202.png" width="800px"&gt;&lt;/a&gt;</msg>
<doc>Takes a screenshot of the current page and embeds it into a log file.</doc>
<status status="PASS" start="2025-09-20T12:09:46.001752" elapsed="0.075842"/>
</kw>
<arg>${from}</arg>
<arg>${to}</arg>
<status status="PASS" start="2025-09-20T12:09:33.217253" elapsed="12.860341"/>
</kw>
<arg>Pune</arg>
<arg>Mumbai</arg>
<status status="PASS" start="2025-09-20T12:09:33.217253" elapsed="12.860341"/>
</kw>
<kw name="Then layer2.Close Application" owner="layer2">
<kw name="Close Application" owner="layer3">
<kw name="Close Browser" owner="SeleniumLibrary">
<doc>Closes the current browser.</doc>
<status status="PASS" start="2025-09-20T12:09:46.078679" elapsed="2.184998"/>
</kw>
<status status="PASS" start="2025-09-20T12:09:46.078679" elapsed="2.184998"/>
</kw>
<status status="PASS" start="2025-09-20T12:09:46.077594" elapsed="2.186083"/>
</kw>
<tag>flight</tag>
<tag>regression</tag>
<status status="PASS" start="2025-09-20T12:09:24.925754" elapsed="23.338900"/>
</test>
<test id="s1-t2" name="Hotel Search" line="11">
<kw name="Given layer2.Open Application" owner="layer2">
<kw name="Open Application" owner="layer3">
<kw name="Open Browser" owner="SeleniumLibrary">
<msg time="2025-09-20T12:09:48.266016" level="INFO">Opening browser 'chrome' to base url 'https://www.makemytrip.com/'.</msg>
<arg>${URL}</arg>
<arg>chrome</arg>
<doc>Opens a new browser instance to the optional ``url``.</doc>
<status status="PASS" start="2025-09-20T12:09:48.266016" elapsed="2.163584"/>
</kw>
<kw name="Maximize Browser Window" owner="SeleniumLibrary">
<doc>Maximizes current browser window.</doc>
<status status="PASS" start="2025-09-20T12:09:50.429600" elapsed="0.088259"/>
</kw>
<kw name="Sleep" owner="BuiltIn">
<msg time="2025-09-20T12:09:55.527613" level="INFO">Slept 5 seconds.</msg>
<arg>5s</arg>
<doc>Pauses the test executed for the given time.</doc>
<status status="PASS" start="2025-09-20T12:09:50.517859" elapsed="5.009754"/>
</kw>
<kw name="Run Keyword And Ignore Error" owner="BuiltIn">
<kw name="Click Element" owner="SeleniumLibrary">
<msg time="2025-09-20T12:09:55.529572" level="INFO">Clicking element '//span[@class='commonModal__close']'.</msg>
<arg>${CLOSE_LOGIN}[0]</arg>
<doc>Click the element identified by ``locator``.</doc>
<status status="PASS" start="2025-09-20T12:09:55.528573" elapsed="0.103828"/>
</kw>
<arg>Click Element</arg>
<arg>${CLOSE_LOGIN}[0]</arg>
<doc>Runs the given keyword with the given arguments and ignores possible error.</doc>
<status status="PASS" start="2025-09-20T12:09:55.527613" elapsed="0.105786"/>
</kw>
<kw name="Run Keyword And Ignore Error" owner="BuiltIn">
<kw name="Click Element" owner="SeleniumLibrary">
<msg time="2025-09-20T12:09:55.634396" level="INFO">Clicking element '//p[@data-cy='closeModal']'.</msg>
<msg time="2025-09-20T12:09:55.828407" level="INFO" html="true">&lt;/td&gt;&lt;/tr&gt;&lt;tr&gt;&lt;td colspan="3"&gt;&lt;a href="selenium-screenshot-203.png"&gt;&lt;img src="selenium-screenshot-203.png" width="800px"&gt;&lt;/a&gt;</msg>
<msg time="2025-09-20T12:09:55.828407" level="FAIL">Element with locator '//p[@data-cy='closeModal']' not found.</msg>
<arg>${CLOSE_LOGIN}[1]</arg>
<doc>Click the element identified by ``locator``.</doc>
<status status="FAIL" start="2025-09-20T12:09:55.633399" elapsed="0.195008">Element with locator '//p[@data-cy='closeModal']' not found.</status>
</kw>
<arg>Click Element</arg>
<arg>${CLOSE_LOGIN}[1]</arg>
<doc>Runs the given keyword with the given arguments and ignores possible error.</doc>
<status status="PASS" start="2025-09-20T12:09:55.633399" elapsed="0.195008"/>
</kw>
<kw name="Run Keyword And Ignore Error" owner="BuiltIn">
<kw name="Click Element" owner="SeleniumLibrary">
<msg time="2025-09-20T12:09:55.829448" level="INFO">Clicking element '//span[text()='×']'.</msg>
<msg time="2025-09-20T12:09:56.006474" level="INFO" html="true">&lt;/td&gt;&lt;/tr&gt;&lt;tr&gt;&lt;td colspan="3"&gt;&lt;a href="selenium-screenshot-204.png"&gt;&lt;img src="selenium-screenshot-204.png" width="800px"&gt;&lt;/a&gt;</msg>
<msg time="2025-09-20T12:09:56.006474" level="FAIL">Element with locator '//span[text()='×']' not found.</msg>
<arg>${CLOSE_LOGIN}[2]</arg>
<doc>Click the element identified by ``locator``.</doc>
<status status="FAIL" start="2025-09-20T12:09:55.828407" elapsed="0.179550">Element with locator '//span[text()='×']' not found.</status>
</kw>
<arg>Click Element</arg>
<arg>${CLOSE_LOGIN}[2]</arg>
<doc>Runs the given keyword with the given arguments and ignores possible error.</doc>
<status status="PASS" start="2025-09-20T12:09:55.828407" elapsed="0.179550"/>
</kw>
<status status="PASS" start="2025-09-20T12:09:48.266016" elapsed="7.741941"/>
</kw>
<status status="PASS" start="2025-09-20T12:09:48.264984" elapsed="7.742973"/>
</kw>
<kw name="When layer2.Search Hotel" owner="layer2">
<kw name="Search Hotel" owner="layer3">
<kw name="Wait Until Element Is Visible" owner="SeleniumLibrary">
<arg>${HOTELS_TAB}</arg>
<arg>10s</arg>
<doc>Waits until the element ``locator`` is visible.</doc>
<status status="PASS" start="2025-09-20T12:09:56.009236" elapsed="0.014822"/>
</kw>
<kw name="Click Element" owner="SeleniumLibrary">
<msg time="2025-09-20T12:09:56.025102" level="INFO">Clicking element '//span[@class='headerIconTextAlignment chNavText darkGreyText'][normalize-space()='Hotels']'.</msg>
<arg>${HOTELS_TAB}</arg>
<doc>Click the element identified by ``locator``.</doc>
<status status="PASS" start="2025-09-20T12:09:56.024058" elapsed="0.079887"/>
</kw>
<kw name="Wait Until Element Is Visible" owner="SeleniumLibrary">
<arg>${HOTEL_INPUT}</arg>
<arg>10s</arg>
<doc>Waits until the element ``locator`` is visible.</doc>
<status status="PASS" start="2025-09-20T12:09:56.103945" elapsed="0.108134"/>
</kw>
<kw name="Click Element" owner="SeleniumLibrary">
<msg time="2025-09-20T12:09:56.212079" level="INFO">Clicking element '//label[@for='city']'.</msg>
<arg>${HOTEL_INPUT}</arg>
<doc>Click the element identified by ``locator``.</doc>
<status status="PASS" start="2025-09-20T12:09:56.212079" elapsed="0.109089"/>
</kw>
<kw name="Wait Until Element Is Visible" owner="SeleniumLibrary">
<arg>${HOTELS_CITY}</arg>
<arg>8s</arg>
<doc>Waits until the element ``locator`` is visible.</doc>
<status status="PASS" start="2025-09-20T12:09:56.321168" elapsed="0.473466"/>
</kw>
<kw name="Input Text" owner="SeleniumLibrary">
<msg time="2025-09-20T12:09:56.794634" level="INFO">Typing text 'Delhi' into text field '//input[@placeholder='Where do you want to stay?']'.</msg>
<arg>${HOTELS_CITY}</arg>
<arg>${city}</arg>
<doc>Types the given ``text`` into the text field identified by ``locator``.</doc>
<status status="PASS" start="2025-09-20T12:09:56.794634" elapsed="0.061208"/>
</kw>
<kw name="Sleep" owner="BuiltIn">
<msg time="2025-09-20T12:09:58.859916" level="INFO">Slept 2 seconds.</msg>
<arg>2s</arg>
<doc>Pauses the test executed for the given time.</doc>
<status status="PASS" start="2025-09-20T12:09:56.856891" elapsed="2.003025"/>
</kw>
<kw name="Press Keys" owner="SeleniumLibrary">
<msg time="2025-09-20T12:09:58.860918" level="INFO">Sending key(s) ('ARROW_DOWN',) to //input[@placeholder='Where do you want to stay?'] element.</msg>
<msg time="2025-09-20T12:09:59.139095" level="INFO">Pressing special key ARROW_DOWN to element.</msg>
<msg time="2025-09-20T12:09:59.139095" level="INFO">Releasing special key ARROW_DOWN.</msg>
<arg>${HOTELS_CITY}</arg>
<arg>ARROW_DOWN</arg>
<doc>Simulates the user pressing key(s) to an element or on the active browser.</doc>
<status status="PASS" start="2025-09-20T12:09:58.859916" elapsed="0.287932"/>
</kw>
<kw name="Press Keys" owner="SeleniumLibrary">
<msg time="2025-09-20T12:09:59.147848" level="INFO">Sending key(s) ('ENTER',) to //input[@placeholder='Where do you want to stay?'] element.</msg>
<msg time="2025-09-20T12:09:59.419887" level="INFO">Pressing special key ENTER to element.</msg>
<msg time="2025-09-20T12:09:59.419887" level="INFO">Releasing special key ENTER.</msg>
<arg>${HOTELS_CITY}</arg>
<arg>ENTER</arg>
<doc>Simulates the user pressing key(s) to an element or on the active browser.</doc>
<status status="PASS" start="2025-09-20T12:09:59.147848" elapsed="0.306502"/>
</kw>
<kw name="Wait Until Element Is Visible" owner="SeleniumLibrary">
<arg>//div[@aria-label='Sat Sep 20 2025']</arg>
<arg>10s</arg>
<doc>Waits until the element ``locator`` is visible.</doc>
<status status="PASS" start="2025-09-20T12:09:59.454350" elapsed="0.019089"/>
</kw>
<kw name="Click Element" owner="SeleniumLibrary">
<msg time="2025-09-20T12:09:59.474467" level="INFO">Clicking element '//div[@aria-label='Sat Sep 20 2025']'.</msg>
<arg>//div[@aria-label='Sat Sep 20 2025']</arg>
<doc>Click the element identified by ``locator``.</doc>
<status status="PASS" start="2025-09-20T12:09:59.474467" elapsed="0.066021"/>
</kw>
<kw name="Wait Until Element Is Visible" owner="SeleniumLibrary">
<arg>//div[@aria-label='Sun Sep 21 2025']</arg>
<arg>10s</arg>
<doc>Waits until the element ``locator`` is visible.</doc>
<status status="PASS" start="2025-09-20T12:09:59.540488" elapsed="0.017883"/>
</kw>
<kw name="Click Element" owner="SeleniumLibrary">
<msg time="2025-09-20T12:09:59.559375" level="INFO">Clicking element '//div[@aria-label='Sun Sep 21 2025']'.</msg>
<arg>//div[@aria-label='Sun Sep 21 2025']</arg>
<doc>Click the element identified by ``locator``.</doc>
<status status="PASS" start="2025-09-20T12:09:59.559375" elapsed="0.050227"/>
</kw>
<kw name="Wait Until Element Is Visible" owner="SeleniumLibrary">
<arg>${APP_BTN}</arg>
<arg>10s</arg>
<doc>Waits until the element ``locator`` is visible.</doc>
<status status="PASS" start="2025-09-20T12:09:59.609602" elapsed="0.021590"/>
</kw>
<kw name="Click Element" owner="SeleniumLibrary">
<msg time="2025-09-20T12:09:59.632323" level="INFO">Clicking element '//button[normalize-space()='APPLY']'.</msg>
<arg>${APP_BTN}</arg>
<doc>Click the element identified by ``locator``.</doc>
<status status="PASS" start="2025-09-20T12:09:59.631192" elapsed="0.049277"/>
</kw>
<kw name="Wait Until Element Is Visible" owner="SeleniumLibrary">
<arg>${HOTELS_SEARCH}</arg>
<arg>10s</arg>
<doc>Waits until the element ``locator`` is visible.</doc>
<status status="PASS" start="2025-09-20T12:09:59.680469" elapsed="0.019681"/>
</kw>
<kw name="Click Element" owner="SeleniumLibrary">
<msg time="2025-09-20T12:09:59.700150" level="INFO">Clicking element '//button[@id='hsw_search_button']'.</msg>
<arg>${HOTELS_SEARCH}</arg>
<doc>Click the element identified by ``locator``.</doc>
<status status="PASS" start="2025-09-20T12:09:59.700150" elapsed="0.191515"/>
</kw>
<kw name="Sleep" owner="BuiltIn">
<msg time="2025-09-20T12:10:09.900838" level="INFO">Slept 10 seconds.</msg>
<arg>10s</arg>
<doc>Pauses the test executed for the given time.</doc>
<status status="PASS" start="2025-09-20T12:09:59.891665" elapsed="10.009173"/>
</kw>
<kw name="Capture Page Screenshot" owner="SeleniumLibrary">
<msg time="2025-09-20T12:10:09.973846" level="INFO" html="true">&lt;/td&gt;&lt;/tr&gt;&lt;tr&gt;&lt;td colspan="3"&gt;&lt;a href="selenium-screenshot-205.png"&gt;&lt;img src="selenium-screenshot-205.png" width="800px"&gt;&lt;/a&gt;</msg>
<doc>Takes a screenshot of the current page and embeds it into a log file.</doc>
<status status="PASS" start="2025-09-20T12:10:09.900838" elapsed="0.073008"/>
</kw>
<arg>${city}</arg>
<status status="PASS" start="2025-09-20T12:09:56.009236" elapsed="13.964610"/>
</kw>
<arg>Delhi</arg>
<status status="PASS" start="2025-09-20T12:09:56.007957" elapsed="13.965889"/>
</kw>
<kw name="Then layer2.Close Application" owner="layer2">
<kw name="Close Application" owner="layer3">
<kw name="Close Browser" owner="SeleniumLibrary">
<doc>Closes the current browser.</doc>
<status status="PASS" start="2025-09-20T12:10:09.974435" elapsed="2.194099"/>
</kw>
<status status="PASS" start="2025-09-20T12:10:09.974435" elapsed="2.194099"/>
</kw>
<status status="PASS" start="2025-09-20T12:10:09.974435" elapsed="2.194099"/>
</kw>
<tag>hotel</tag>
<tag>smoke</tag>
<status status="PASS" start="2025-09-20T12:09:48.264984" elapsed="23.904324"/>
</test>
<test id="s1-t3" name="Train Search" line="17">
<kw name="Given layer2.Open Application" owner="layer2">
<kw name="Open Application" owner="layer3">
<kw name="Open Browser" owner="SeleniumLibrary">
<msg time="2025-09-20T12:10:12.171094" level="INFO">Opening browser 'chrome' to base url 'https://www.makemytrip.com/'.</msg>
<arg>${URL}</arg>
<arg>chrome</arg>
<doc>Opens a new browser instance to the optional ``url``.</doc>
<status status="PASS" start="2025-09-20T12:10:12.171094" elapsed="2.228468"/>
</kw>
<kw name="Maximize Browser Window" owner="SeleniumLibrary">
<doc>Maximizes current browser window.</doc>
<status status="PASS" start="2025-09-20T12:10:14.399562" elapsed="0.077587"/>
</kw>
<kw name="Sleep" owner="BuiltIn">
<msg time="2025-09-20T12:10:19.482530" level="INFO">Slept 5 seconds.</msg>
<arg>5s</arg>
<doc>Pauses the test executed for the given time.</doc>
<status status="PASS" start="2025-09-20T12:10:14.477149" elapsed="5.005381"/>
</kw>
<kw name="Run Keyword And Ignore Error" owner="BuiltIn">
<kw name="Click Element" owner="SeleniumLibrary">
<msg time="2025-09-20T12:10:19.482530" level="INFO">Clicking element '//span[@class='commonModal__close']'.</msg>
<arg>${CLOSE_LOGIN}[0]</arg>
<doc>Click the element identified by ``locator``.</doc>
<status status="PASS" start="2025-09-20T12:10:19.482530" elapsed="0.099731"/>
</kw>
<arg>Click Element</arg>
<arg>${CLOSE_LOGIN}[0]</arg>
<doc>Runs the given keyword with the given arguments and ignores possible error.</doc>
<status status="PASS" start="2025-09-20T12:10:19.482530" elapsed="0.099731"/>
</kw>
<kw name="Run Keyword And Ignore Error" owner="BuiltIn">
<kw name="Click Element" owner="SeleniumLibrary">
<msg time="2025-09-20T12:10:19.583265" level="INFO">Clicking element '//p[@data-cy='closeModal']'.</msg>
<msg time="2025-09-20T12:10:19.780759" level="INFO" html="true">&lt;/td&gt;&lt;/tr&gt;&lt;tr&gt;&lt;td colspan="3"&gt;&lt;a href="selenium-screenshot-206.png"&gt;&lt;img src="selenium-screenshot-206.png" width="800px"&gt;&lt;/a&gt;</msg>
<msg time="2025-09-20T12:10:19.780759" level="FAIL">Element with locator '//p[@data-cy='closeModal']' not found.</msg>
<arg>${CLOSE_LOGIN}[1]</arg>
<doc>Click the element identified by ``locator``.</doc>
<status status="FAIL" start="2025-09-20T12:10:19.583265" elapsed="0.197494">Element with locator '//p[@data-cy='closeModal']' not found.</status>
</kw>
<arg>Click Element</arg>
<arg>${CLOSE_LOGIN}[1]</arg>
<doc>Runs the given keyword with the given arguments and ignores possible error.</doc>
<status status="PASS" start="2025-09-20T12:10:19.583265" elapsed="0.197494"/>
</kw>
<kw name="Run Keyword And Ignore Error" owner="BuiltIn">
<kw name="Click Element" owner="SeleniumLibrary">
<msg time="2025-09-20T12:10:19.781806" level="INFO">Clicking element '//span[text()='×']'.</msg>
<msg time="2025-09-20T12:10:19.966637" level="INFO" html="true">&lt;/td&gt;&lt;/tr&gt;&lt;tr&gt;&lt;td colspan="3"&gt;&lt;a href="selenium-screenshot-207.png"&gt;&lt;img src="selenium-screenshot-207.png" width="800px"&gt;&lt;/a&gt;</msg>
<msg time="2025-09-20T12:10:19.966637" level="FAIL">Element with locator '//span[text()='×']' not found.</msg>
<arg>${CLOSE_LOGIN}[2]</arg>
<doc>Click the element identified by ``locator``.</doc>
<status status="FAIL" start="2025-09-20T12:10:19.781806" elapsed="0.185867">Element with locator '//span[text()='×']' not found.</status>
</kw>
<arg>Click Element</arg>
<arg>${CLOSE_LOGIN}[2]</arg>
<doc>Runs the given keyword with the given arguments and ignores possible error.</doc>
<status status="PASS" start="2025-09-20T12:10:19.780759" elapsed="0.186914"/>
</kw>
<status status="PASS" start="2025-09-20T12:10:12.170063" elapsed="7.797610"/>
</kw>
<status status="PASS" start="2025-09-20T12:10:12.170063" elapsed="7.797610"/>
</kw>
<kw name="When layer2.Search Train" owner="layer2">
<kw name="Search Train" owner="layer3">
<kw name="Wait Until Element Is Visible" owner="SeleniumLibrary">
<arg>${TRAINS_TAB}</arg>
<arg>10s</arg>
<doc>Waits until the element ``locator`` is visible.</doc>
<status status="PASS" start="2025-09-20T12:10:19.968713" elapsed="0.014985"/>
</kw>
<kw name="Click Element" owner="SeleniumLibrary">
<msg time="2025-09-20T12:10:19.984736" level="INFO">Clicking element '//span[@class='chNavIcon appendBottom2 chSprite chTrains inactive']'.</msg>
<arg>${TRAINS_TAB}</arg>
<doc>Click the element identified by ``locator``.</doc>
<status status="PASS" start="2025-09-20T12:10:19.983698" elapsed="0.080166"/>
</kw>
<kw name="Wait Until Element Is Visible" owner="SeleniumLibrary">
<arg>xpath=//label[@for='fromCity']</arg>
<arg>15s</arg>
<doc>Waits until the element ``locator`` is visible.</doc>
<status status="PASS" start="2025-09-20T12:10:20.063864" elapsed="0.258936"/>
</kw>
<kw name="Click Element" owner="SeleniumLibrary">
<msg time="2025-09-20T12:10:20.323802" level="INFO">Clicking element 'xpath=//label[@for='fromCity']'.</msg>
<arg>xpath=//label[@for='fromCity']</arg>
<doc>Click the element identified by ``locator``.</doc>
<status status="PASS" start="2025-09-20T12:10:20.323802" elapsed="0.055411"/>
</kw>
<kw name="Wait Until Element Is Visible" owner="SeleniumLibrary">
<arg>${TRAIN_FROM}</arg>
<arg>10s</arg>
<doc>Waits until the element ``locator`` is visible.</doc>
<status status="PASS" start="2025-09-20T12:10:20.380500" elapsed="0.489885"/>
</kw>
<kw name="Input Text" owner="SeleniumLibrary">
<msg time="2025-09-20T12:10:20.870385" level="INFO">Typing text 'Pune' into text field '//input[@placeholder='From']'.</msg>
<arg>${TRAIN_FROM}</arg>
<arg>${from}</arg>
<doc>Types the given ``text`` into the text field identified by ``locator``.</doc>
<status status="PASS" start="2025-09-20T12:10:20.870385" elapsed="0.051600"/>
</kw>
<kw name="Sleep" owner="BuiltIn">
<msg time="2025-09-20T12:10:22.923589" level="INFO">Slept 2 seconds.</msg>
<arg>2s</arg>
<doc>Pauses the test executed for the given time.</doc>
<status status="PASS" start="2025-09-20T12:10:20.921985" elapsed="2.001604"/>
</kw>
<kw name="Press Keys" owner="SeleniumLibrary">
<msg time="2025-09-20T12:10:22.924759" level="INFO">Sending key(s) ('ARROW_DOWN',) to //input[@placeholder='From'] element.</msg>
<msg time="2025-09-20T12:10:23.200298" level="INFO">Pressing special key ARROW_DOWN to element.</msg>
<msg time="2025-09-20T12:10:23.200298" level="INFO">Releasing special key ARROW_DOWN.</msg>
<arg>${TRAIN_FROM}</arg>
<arg>ARROW_DOWN</arg>
<doc>Simulates the user pressing key(s) to an element or on the active browser.</doc>
<status status="PASS" start="2025-09-20T12:10:22.923589" elapsed="0.282878"/>
</kw>
<kw name="Press Keys" owner="SeleniumLibrary">
<msg time="2025-09-20T12:10:23.207488" level="INFO">Sending key(s) ('ENTER',) to //input[@placeholder='From'] element.</msg>
<msg time="2025-09-20T12:10:23.490305" level="INFO">Pressing special key ENTER to element.</msg>
<msg time="2025-09-20T12:10:23.490305" level="INFO">Releasing special key ENTER.</msg>
<arg>${TRAIN_FROM}</arg>
<arg>ENTER</arg>
<doc>Simulates the user pressing key(s) to an element or on the active browser.</doc>
<status status="PASS" start="2025-09-20T12:10:23.206467" elapsed="0.319037"/>
</kw>
<kw name="Wait Until Element Is Visible" owner="SeleniumLibrary">
<arg>${TRAIN_TO}</arg>
<arg>10s</arg>
<doc>Waits until the element ``locator`` is visible.</doc>
<status status="PASS" start="2025-09-20T12:10:23.526501" elapsed="0.025987"/>
</kw>
<kw name="Input Text" owner="SeleniumLibrary">
<msg time="2025-09-20T12:10:23.553526" level="INFO">Typing text 'Mumbai' into text field '//input[@placeholder='To']'.</msg>
<arg>${TRAIN_TO}</arg>
<arg>${to}</arg>
<doc>Types the given ``text`` into the text field identified by ``locator``.</doc>
<status status="PASS" start="2025-09-20T12:10:23.552488" elapsed="0.051137"/>
</kw>
<kw name="Sleep" owner="BuiltIn">
<msg time="2025-09-20T12:10:25.616713" level="INFO">Slept 2 seconds.</msg>
<arg>2s</arg>
<doc>Pauses the test executed for the given time.</doc>
<status status="PASS" start="2025-09-20T12:10:23.603625" elapsed="2.013088"/>
</kw>
<kw name="Press Keys" owner="SeleniumLibrary">
<msg time="2025-09-20T12:10:25.617745" level="INFO">Sending key(s) ('ARROW_DOWN',) to //input[@placeholder='To'] element.</msg>
<msg time="2025-09-20T12:10:25.893956" level="INFO">Pressing special key ARROW_DOWN to element.</msg>
<msg time="2025-09-20T12:10:25.893956" level="INFO">Releasing special key ARROW_DOWN.</msg>
<arg>${TRAIN_TO}</arg>
<arg>ARROW_DOWN</arg>
<doc>Simulates the user pressing key(s) to an element or on the active browser.</doc>
<status status="PASS" start="2025-09-20T12:10:25.616713" elapsed="0.286718"/>
</kw>
<kw name="Press Keys" owner="SeleniumLibrary">
<msg time="2025-09-20T12:10:25.904429" level="INFO">Sending key(s) ('ENTER',) to //input[@placeholder='To'] element.</msg>
<msg time="2025-09-20T12:10:26.179493" level="INFO">Pressing special key ENTER to element.</msg>
<msg time="2025-09-20T12:10:26.179493" level="INFO">Releasing special key ENTER.</msg>
<arg>${TRAIN_TO}</arg>
<arg>ENTER</arg>
<doc>Simulates the user pressing key(s) to an element or on the active browser.</doc>
<status status="PASS" start="2025-09-20T12:10:25.904429" elapsed="0.296408"/>
</kw>
<kw name="Click Element" owner="SeleniumLibrary">
<msg time="2025-09-20T12:10:26.201849" level="INFO">Clicking element 'xpath=//div[@aria-label='Sat Sep 20 2025']'.</msg>
<arg>xpath=//div[@aria-label='Sat Sep 20 2025']</arg>
<doc>Click the element identified by ``locator``.</doc>
<status status="PASS" start="2025-09-20T12:10:26.200837" elapsed="0.052583"/>
</kw>
<kw name="Click Element" owner="SeleniumLibrary">
<msg time="2025-09-20T12:10:26.253420" level="INFO">Clicking element 'xpath=//li[normalize-space()='All Class']'.</msg>
<arg>xpath=//li[normalize-space()='All Class']</arg>
<doc>Click the element identified by ``locator``.</doc>
<status status="PASS" start="2025-09-20T12:10:26.253420" elapsed="0.071176"/>
</kw>
<kw name="Wait Until Element Is Visible" owner="SeleniumLibrary">
<arg>${TRAIN_SEARCH}</arg>
<arg>10s</arg>
<doc>Waits until the element ``locator`` is visible.</doc>
<status status="PASS" start="2025-09-20T12:10:26.324596" elapsed="0.017989"/>
</kw>
<kw name="Click Element" owner="SeleniumLibrary">
<msg time="2025-09-20T12:10:26.343616" level="INFO">Clicking element '//a[contains(@class,'primaryBtn')]'.</msg>
<arg>${TRAIN_SEARCH}</arg>
<doc>Click the element identified by ``locator``.</doc>
<status status="PASS" start="2025-09-20T12:10:26.342585" elapsed="1.030198"/>
</kw>
<kw name="Sleep" owner="BuiltIn">
<msg time="2025-09-20T12:10:37.374439" level="INFO">Slept 10 seconds.</msg>
<arg>10s</arg>
<doc>Pauses the test executed for the given time.</doc>
<status status="PASS" start="2025-09-20T12:10:27.372783" elapsed="10.001656"/>
</kw>
<kw name="Capture Page Screenshot" owner="SeleniumLibrary">
<msg time="2025-09-20T12:10:37.530467" level="INFO" html="true">&lt;/td&gt;&lt;/tr&gt;&lt;tr&gt;&lt;td colspan="3"&gt;&lt;a href="selenium-screenshot-208.png"&gt;&lt;img src="selenium-screenshot-208.png" width="800px"&gt;&lt;/a&gt;</msg>
<doc>Takes a screenshot of the current page and embeds it into a log file.</doc>
<status status="PASS" start="2025-09-20T12:10:37.374439" elapsed="0.157226"/>
</kw>
<arg>${from}</arg>
<arg>${to}</arg>
<status status="PASS" start="2025-09-20T12:10:19.968713" elapsed="17.562952"/>
</kw>
<arg>Pune</arg>
<arg>Mumbai</arg>
<status status="PASS" start="2025-09-20T12:10:19.967673" elapsed="17.563992"/>
</kw>
<kw name="Then layer2.Close Application" owner="layer2">
<kw name="Close Application" owner="layer3">
<kw name="Close Browser" owner="SeleniumLibrary">
<doc>Closes the current browser.</doc>
<status status="PASS" start="2025-09-20T12:10:37.532156" elapsed="2.211247"/>
</kw>
<status status="PASS" start="2025-09-20T12:10:37.532156" elapsed="2.211247"/>
</kw>
<status status="PASS" start="2025-09-20T12:10:37.532156" elapsed="2.211247"/>
</kw>
<tag>regression</tag>
<tag>train</tag>
<status status="PASS" start="2025-09-20T12:10:12.170063" elapsed="27.574500"/>
</test>
<status status="PASS" start="2025-09-20T12:09:24.642836" elapsed="75.101928"/>
</suite>
<statistics>
<total>
<stat pass="3" fail="0" skip="0">All Tests</stat>
</total>
<tag>
<stat pass="1" fail="0" skip="0">flight</stat>
<stat pass="1" fail="0" skip="0">hotel</stat>
<stat pass="2" fail="0" skip="0">regression</stat>
<stat pass="1" fail="0" skip="0">smoke</stat>
<stat pass="1" fail="0" skip="0">train</stat>
</tag>
<suite>
<stat name="Layer1" id="s1" pass="3" fail="0" skip="0">Layer1</stat>
</suite>
</statistics>
<errors>
</errors>
</robot>
